<?xml version="1.0" encoding="UTF-8"?>
<testng-results ignored="0" total="2" passed="2" failed="0" skipped="0">
  <reporter-output>
  </reporter-output>
  <suite started-at="2023-05-13T09:07:10 IST" name="Suite" finished-at="2023-05-13T09:07:46 IST" duration-ms="35697">
    <groups>
    </groups>
    <test started-at="2023-05-13T09:07:10 IST" name="Test" finished-at="2023-05-13T09:07:46 IST" duration-ms="35697">
      <class name="com.fb.qa.Testcases.loginpagetest">
        <test-method is-config="true" signature="setup()[pri:0, instance:com.fb.qa.Testcases.loginpagetest@79da8dc5]" started-at="2023-05-13T09:07:10 IST" name="setup" finished-at="2023-05-13T09:07:16 IST" duration-ms="5649" status="PASS">
          <reporter-output>
          </reporter-output>
        </test-method> <!-- setup -->
        <test-method signature="userlogin()[pri:1, instance:com.fb.qa.Testcases.loginpagetest@79da8dc5]" started-at="2023-05-13T09:07:16 IST" name="userlogin" finished-at="2023-05-13T09:07:23 IST" duration-ms="6455" status="PASS">
          <reporter-output>
          </reporter-output>
        </test-method> <!-- userlogin -->
        <test-method is-config="true" signature="teardown()[pri:0, instance:com.fb.qa.Testcases.loginpagetest@79da8dc5]" started-at="2023-05-13T09:07:23 IST" name="teardown" finished-at="2023-05-13T09:07:27 IST" duration-ms="4460" status="PASS">
          <reporter-output>
          </reporter-output>
        </test-method> <!-- teardown -->
        <test-method is-config="true" signature="setup()[pri:0, instance:com.fb.qa.Testcases.loginpagetest@79da8dc5]" started-at="2023-05-13T09:07:27 IST" name="setup" finished-at="2023-05-13T09:07:40 IST" duration-ms="12570" status="PASS">
          <reporter-output>
          </reporter-output>
        </test-method> <!-- setup -->
        <test-method signature="title()[pri:2, instance:com.fb.qa.Testcases.loginpagetest@79da8dc5]" started-at="2023-05-13T09:07:40 IST" name="title" finished-at="2023-05-13T09:07:43 IST" duration-ms="3025" status="PASS">
          <reporter-output>
          </reporter-output>
        </test-method> <!-- title -->
        <test-method is-config="true" signature="teardown()[pri:0, instance:com.fb.qa.Testcases.loginpagetest@79da8dc5]" started-at="2023-05-13T09:07:43 IST" name="teardown" finished-at="2023-05-13T09:07:46 IST" duration-ms="3472" status="PASS">
          <reporter-output>
          </reporter-output>
        </test-method> <!-- teardown -->
      </class> <!-- com.fb.qa.Testcases.loginpagetest -->
    </test> <!-- Test -->
  </suite> <!-- Suite -->
</testng-results>
